This is pdfTeX, Version 3.14159265-2.6-1.40.18 (TeX Live 2017) (preloaded format=pdflatex 2018.1.18)  28 JUN 2018 09:44
entering extended mode
 restricted \write18 enabled.
 file:line:error style messages enabled.
 %&-line parsing enabled.
**diplom-dokumentation.tex
(./diplom-dokumentation.tex
LaTeX2e <2017-04-15>
Babel <3.10> and hyphenation patterns for 84 language(s) loaded.
(/usr/local/texlive/2017/texmf-dist/tex/latex/base/article.cls
Document Class: article 2014/09/29 v1.4h Standard LaTeX document class
(/usr/local/texlive/2017/texmf-dist/tex/latex/base/size12.clo
File: size12.clo 2014/09/29 v1.4h Standard LaTeX file (size option)
)
\c@part=\count79
\c@section=\count80
\c@subsection=\count81
\c@subsubsection=\count82
\c@paragraph=\count83
\c@subparagraph=\count84
\c@figure=\count85
\c@table=\count86
\abovecaptionskip=\skip41
\belowcaptionskip=\skip42
\bibindent=\dimen102
)
(/usr/local/texlive/2017/texmf-dist/tex/generic/babel/babel.sty
Package: babel 2017/05/19 3.10 The Babel package

(/usr/local/texlive/2017/texmf-dist/tex/generic/babel-german/ngerman.ldf
Language: ngerman 2016/11/02 v2.9 German support for babel (new orthography)

(/usr/local/texlive/2017/texmf-dist/tex/generic/babel-german/ngermanb.ldf
Language: ngermanb 2016/11/02 v2.9 German support for babel (new orthography)

(/usr/local/texlive/2017/texmf-dist/tex/generic/babel/babel.def
File: babel.def 2017/05/19 3.10 Babel common definitions
\babel@savecnt=\count87
\U@D=\dimen103
)
Package babel Info: Making " an active character on input line 125.
)))
(/usr/local/texlive/2017/texmf-dist/tex/latex/base/inputenc.sty
Package: inputenc 2015/03/17 v1.2c Input encoding file
\inpenc@prehook=\toks14
\inpenc@posthook=\toks15

(/usr/local/texlive/2017/texmf-dist/tex/latex/base/ansinew.def
File: ansinew.def 2015/03/17 v1.2c Input encoding file
))
(/usr/local/texlive/2017/texmf-dist/tex/latex/graphics/graphicx.sty
Package: graphicx 2014/10/28 v1.0g Enhanced LaTeX Graphics (DPC,SPQR)

(/usr/local/texlive/2017/texmf-dist/tex/latex/graphics/keyval.sty
Package: keyval 2014/10/28 v1.15 key=value parser (DPC)
\KV@toks@=\toks16
)
(/usr/local/texlive/2017/texmf-dist/tex/latex/graphics/graphics.sty
Package: graphics 2017/04/14 v1.1b Standard LaTeX Graphics (DPC,SPQR)

(/usr/local/texlive/2017/texmf-dist/tex/latex/graphics/trig.sty
Package: trig 2016/01/03 v1.10 sin cos tan (DPC)
)
(/usr/local/texlive/2017/texmf-dist/tex/latex/graphics-cfg/graphics.cfg
File: graphics.cfg 2016/06/04 v1.11 sample graphics configuration
)
Package graphics Info: Driver file: pdftex.def on input line 99.

(/usr/local/texlive/2017/texmf-dist/tex/latex/graphics-def/pdftex.def
File: pdftex.def 2017/01/12 v0.06k Graphics/color for pdfTeX

(/usr/local/texlive/2017/texmf-dist/tex/generic/oberdiek/infwarerr.sty
Package: infwarerr 2016/05/16 v1.4 Providing info/warning/error messages (HO)
)
(/usr/local/texlive/2017/texmf-dist/tex/generic/oberdiek/ltxcmds.sty
Package: ltxcmds 2016/05/16 v1.23 LaTeX kernel commands for general use (HO)
)
\Gread@gobject=\count88
))
\Gin@req@height=\dimen104
\Gin@req@width=\dimen105
)
(/usr/local/texlive/2017/texmf-dist/tex/latex/graphics/color.sty
Package: color 2016/07/10 v1.1e Standard LaTeX Color (DPC)

(/usr/local/texlive/2017/texmf-dist/tex/latex/graphics-cfg/color.cfg
File: color.cfg 2016/01/02 v1.6 sample color configuration
)
Package color Info: Driver file: pdftex.def on input line 147.
)
(/usr/local/texlive/2017/texmf-dist/tex/latex/listings/listings.sty
\lst@mode=\count89
\lst@gtempboxa=\box26
\lst@token=\toks17
\lst@length=\count90
\lst@currlwidth=\dimen106
\lst@column=\count91
\lst@pos=\count92
\lst@lostspace=\dimen107
\lst@width=\dimen108
\lst@newlines=\count93
\lst@lineno=\count94
\lst@maxwidth=\dimen109

(/usr/local/texlive/2017/texmf-dist/tex/latex/listings/lstmisc.sty
File: lstmisc.sty 2015/06/04 1.6 (Carsten Heinz)
\c@lstnumber=\count95
\lst@skipnumbers=\count96
\lst@framebox=\box27
)
(/usr/local/texlive/2017/texmf-dist/tex/latex/listings/listings.cfg
File: listings.cfg 2015/06/04 1.6 listings configuration
))
Package: listings 2015/06/04 1.6 (Carsten Heinz)

(/usr/local/texlive/2017/texmf-dist/tex/latex/listings/lstlang1.sty
File: lstlang1.sty 2015/06/04 1.6 listings language file
)
(/usr/local/texlive/2017/texmf-dist/tex/latex/listings/lstmisc.sty
File: lstmisc.sty 2015/06/04 1.6 (Carsten Heinz)
)
(/usr/local/texlive/2017/texmf-dist/tex/latex/subfigure/subfigure.sty
Package: subfigure 2002/03/15 v2.1.5 subfigure package
\subfigtopskip=\skip43
\subfigcapskip=\skip44
\subfigcaptopadj=\dimen110
\subfigbottomskip=\skip45
\subfigcapmargin=\dimen111
\subfiglabelskip=\skip46
\c@subfigure=\count97
\c@lofdepth=\count98
\c@subtable=\count99
\c@lotdepth=\count100

****************************************
* Local config file subfigure.cfg used *
****************************************
(/usr/local/texlive/2017/texmf-dist/tex/latex/subfigure/subfigure.cfg)
\subfig@top=\skip47
\subfig@bottom=\skip48
)
(/usr/local/texlive/2017/texmf-dist/tex/latex/hyperref/hyperref.sty
Package: hyperref 2017/03/14 v6.85a Hypertext links for LaTeX

(/usr/local/texlive/2017/texmf-dist/tex/generic/oberdiek/hobsub-hyperref.sty
Package: hobsub-hyperref 2016/05/16 v1.14 Bundle oberdiek, subset hyperref (HO)


(/usr/local/texlive/2017/texmf-dist/tex/generic/oberdiek/hobsub-generic.sty
Package: hobsub-generic 2016/05/16 v1.14 Bundle oberdiek, subset generic (HO)
Package: hobsub 2016/05/16 v1.14 Construct package bundles (HO)
Package hobsub Info: Skipping package `infwarerr' (already loaded).
Package hobsub Info: Skipping package `ltxcmds' (already loaded).
Package: ifluatex 2016/05/16 v1.4 Provides the ifluatex switch (HO)
Package ifluatex Info: LuaTeX not detected.
Package: ifvtex 2016/05/16 v1.6 Detect VTeX and its facilities (HO)
Package ifvtex Info: VTeX not detected.
Package: intcalc 2016/05/16 v1.2 Expandable calculations with integers (HO)
Package: ifpdf 2017/03/15 v3.2 Provides the ifpdf switch
Package: etexcmds 2016/05/16 v1.6 Avoid name clashes with e-TeX commands (HO)
Package etexcmds Info: Could not find \expanded.
(etexcmds)             That can mean that you are not using pdfTeX 1.50 or
(etexcmds)             that some package has redefined \expanded.
(etexcmds)             In the latter case, load this package earlier.
Package: kvsetkeys 2016/05/16 v1.17 Key value parser (HO)
Package: kvdefinekeys 2016/05/16 v1.4 Define keys (HO)
Package: pdftexcmds 2017/03/19 v0.25 Utility functions of pdfTeX for LuaTeX (HO
)
Package pdftexcmds Info: LuaTeX not detected.
Package pdftexcmds Info: \pdf@primitive is available.
Package pdftexcmds Info: \pdf@ifprimitive is available.
Package pdftexcmds Info: \pdfdraftmode found.
Package: pdfescape 2016/05/16 v1.14 Implements pdfTeX's escape features (HO)
Package: bigintcalc 2016/05/16 v1.4 Expandable calculations on big integers (HO
)
Package: bitset 2016/05/16 v1.2 Handle bit-vector datatype (HO)
Package: uniquecounter 2016/05/16 v1.3 Provide unlimited unique counter (HO)
)
Package hobsub Info: Skipping package `hobsub' (already loaded).
Package: letltxmacro 2016/05/16 v1.5 Let assignment for LaTeX macros (HO)
Package: hopatch 2016/05/16 v1.3 Wrapper for package hooks (HO)
Package: xcolor-patch 2016/05/16 xcolor patch
Package: atveryend 2016/05/16 v1.9 Hooks at the very end of document (HO)
Package atveryend Info: \enddocument detected (standard20110627).
Package: atbegshi 2016/06/09 v1.18 At begin shipout hook (HO)
Package: refcount 2016/05/16 v3.5 Data extraction from label references (HO)
Package: hycolor 2016/05/16 v1.8 Color options for hyperref/bookmark (HO)
)
(/usr/local/texlive/2017/texmf-dist/tex/generic/ifxetex/ifxetex.sty
Package: ifxetex 2010/09/12 v0.6 Provides ifxetex conditional
)
(/usr/local/texlive/2017/texmf-dist/tex/latex/oberdiek/auxhook.sty
Package: auxhook 2016/05/16 v1.4 Hooks for auxiliary files (HO)
)
(/usr/local/texlive/2017/texmf-dist/tex/latex/oberdiek/kvoptions.sty
Package: kvoptions 2016/05/16 v3.12 Key value format for package options (HO)
)
\@linkdim=\dimen112
\Hy@linkcounter=\count101
\Hy@pagecounter=\count102

(/usr/local/texlive/2017/texmf-dist/tex/latex/hyperref/pd1enc.def
File: pd1enc.def 2017/03/14 v6.85a Hyperref: PDFDocEncoding definition (HO)
)
\Hy@SavedSpaceFactor=\count103

(/usr/local/texlive/2017/texmf-dist/tex/latex/latexconfig/hyperref.cfg
File: hyperref.cfg 2002/06/06 v1.2 hyperref configuration of TeXLive
)
Package hyperref Info: Hyper figures OFF on input line 4498.
Package hyperref Info: Link nesting OFF on input line 4503.
Package hyperref Info: Hyper index ON on input line 4506.
Package hyperref Info: Plain pages OFF on input line 4513.
Package hyperref Info: Backreferencing OFF on input line 4518.
Package hyperref Info: Implicit mode ON; LaTeX internals redefined.
Package hyperref Info: Bookmarks ON on input line 4751.
\c@Hy@tempcnt=\count104

(/usr/local/texlive/2017/texmf-dist/tex/latex/url/url.sty
\Urlmuskip=\muskip10
Package: url 2013/09/16  ver 3.4  Verb mode for urls, etc.
)
LaTeX Info: Redefining \url on input line 5104.
\XeTeXLinkMargin=\dimen113
\Fld@menulength=\count105
\Field@Width=\dimen114
\Fld@charsize=\dimen115
Package hyperref Info: Hyper figures OFF on input line 6358.
Package hyperref Info: Link nesting OFF on input line 6363.
Package hyperref Info: Hyper index ON on input line 6366.
Package hyperref Info: backreferencing OFF on input line 6373.
Package hyperref Info: Link coloring OFF on input line 6378.
Package hyperref Info: Link coloring with OCG OFF on input line 6383.
Package hyperref Info: PDF/A mode OFF on input line 6388.
LaTeX Info: Redefining \ref on input line 6428.
LaTeX Info: Redefining \pageref on input line 6432.
\Hy@abspage=\count106
\c@Item=\count107
\c@Hfootnote=\count108
)

Package hyperref Message: Driver (autodetected): hpdftex.

(/usr/local/texlive/2017/texmf-dist/tex/latex/hyperref/hpdftex.def
File: hpdftex.def 2017/03/14 v6.85a Hyperref driver for pdfTeX
\Fld@listcount=\count109
\c@bookmark@seq@number=\count110

(/usr/local/texlive/2017/texmf-dist/tex/latex/oberdiek/rerunfilecheck.sty
Package: rerunfilecheck 2016/05/16 v1.8 Rerun checks for auxiliary files (HO)
Package uniquecounter Info: New unique counter `rerunfilecheck' on input line 2
82.
)
\Hy@SectionHShift=\skip49
)
(/usr/local/texlive/2017/texmf-dist/tex/latex/apacite/apacite.sty
Package: apacite 2013/07/21 v6.03 APA citation
\c@BibCnt=\count111
\bibleftmargin=\skip50
\bibindent=\skip51
\bibparsep=\skip52
\bibitemsep=\skip53
\biblabelsep=\skip54
)
(/usr/local/texlive/2017/texmf-dist/tex/latex/setspace/setspace.sty
Package: setspace 2011/12/19 v6.7a set line spacing
)
(/usr/local/texlive/2017/texmf-dist/tex/latex/geometry/geometry.sty
Package: geometry 2010/09/12 v5.6 Page Geometry
\Gm@cnth=\count112
\Gm@cntv=\count113
\c@Gm@tempcnt=\count114
\Gm@bindingoffset=\dimen116
\Gm@wd@mp=\dimen117
\Gm@odd@mp=\dimen118
\Gm@even@mp=\dimen119
\Gm@layoutwidth=\dimen120
\Gm@layoutheight=\dimen121
\Gm@layouthoffset=\dimen122
\Gm@layoutvoffset=\dimen123
\Gm@dimlist=\toks18
)
(/usr/local/texlive/2017/texmf-dist/tex/latex/koma-script/scrlayer-scrpage.sty
Package: scrlayer-scrpage 2017/04/13 v3.23 KOMA-Script package (end user interf
ace for scrlayer)

(/usr/local/texlive/2017/texmf-dist/tex/latex/koma-script/scrlayer.sty
Package: scrlayer 2017/04/13 v3.23 KOMA-Script package (defining layers and pag
e styles)

(/usr/local/texlive/2017/texmf-dist/tex/latex/koma-script/scrkbase.sty
Package: scrkbase 2017/04/13 v3.23 KOMA-Script package (KOMA-Script-dependent b
asics and keyval usage)

(/usr/local/texlive/2017/texmf-dist/tex/latex/koma-script/scrbase.sty
Package: scrbase 2017/04/13 v3.23 KOMA-Script package (KOMA-Script-independent 
basics and keyval usage)

(/usr/local/texlive/2017/texmf-dist/tex/latex/koma-script/scrlfile.sty
Package: scrlfile 2017/04/13 v3.23 KOMA-Script package (loading files)

Package scrlfile, 2017/04/13 v3.23 KOMA-Script package (loading files)
                  Copyright (C) Markus Kohm

)))
\footheight=\skip55
Package scrlayer Info: patching LaTeX kernel macro \pagestyle on input line 198
7.
))
Package scrlayer-scrpage Info: auto-selection of `pagestyleset=standard'.
 (./diplom-dokumentation.aux)
\openout1 = `diplom-dokumentation.aux'.

LaTeX Font Info:    Checking defaults for OML/cmm/m/it on input line 43.
LaTeX Font Info:    ... okay on input line 43.
LaTeX Font Info:    Checking defaults for T1/cmr/m/n on input line 43.
LaTeX Font Info:    ... okay on input line 43.
LaTeX Font Info:    Checking defaults for OT1/cmr/m/n on input line 43.
LaTeX Font Info:    ... okay on input line 43.
LaTeX Font Info:    Checking defaults for OMS/cmsy/m/n on input line 43.
LaTeX Font Info:    ... okay on input line 43.
LaTeX Font Info:    Checking defaults for OMX/cmex/m/n on input line 43.
LaTeX Font Info:    ... okay on input line 43.
LaTeX Font Info:    Checking defaults for U/cmr/m/n on input line 43.
LaTeX Font Info:    ... okay on input line 43.
LaTeX Font Info:    Checking defaults for PD1/pdf/m/n on input line 43.
LaTeX Font Info:    ... okay on input line 43.

(/usr/local/texlive/2017/texmf-dist/tex/context/base/mkii/supp-pdf.mkii
[Loading MPS to PDF converter (version 2006.09.02).]
\scratchcounter=\count115
\scratchdimen=\dimen124
\scratchbox=\box28
\nofMPsegments=\count116
\nofMParguments=\count117
\everyMPshowfont=\toks19
\MPscratchCnt=\count118
\MPscratchDim=\dimen125
\MPnumerator=\count119
\makeMPintoPDFobject=\count120
\everyMPtoPDFconversion=\toks20
) (/usr/local/texlive/2017/texmf-dist/tex/latex/oberdiek/epstopdf-base.sty
Package: epstopdf-base 2016/05/15 v2.6 Base part for package epstopdf

(/usr/local/texlive/2017/texmf-dist/tex/latex/oberdiek/grfext.sty
Package: grfext 2016/05/16 v1.2 Manage graphics extensions (HO)
)
Package epstopdf-base Info: Redefining graphics rule for `.eps' on input line 4
38.
Package grfext Info: Graphics extension search list:
(grfext)             [.png,.pdf,.jpg,.mps,.jpeg,.jbig2,.jb2,.PNG,.PDF,.JPG,.JPE
G,.JBIG2,.JB2,.eps]
(grfext)             \AppendGraphicsExtensions on input line 456.

(/usr/local/texlive/2017/texmf-dist/tex/latex/latexconfig/epstopdf-sys.cfg
File: epstopdf-sys.cfg 2010/07/13 v1.3 Configuration of (r)epstopdf for TeX Liv
e
))
\c@lstlisting=\count121
\AtBeginShipoutBox=\box29
Package hyperref Info: Link coloring OFF on input line 43.

(/usr/local/texlive/2017/texmf-dist/tex/latex/hyperref/nameref.sty
Package: nameref 2016/05/21 v2.44 Cross-referencing by name of section

(/usr/local/texlive/2017/texmf-dist/tex/generic/oberdiek/gettitlestring.sty
Package: gettitlestring 2016/05/16 v1.5 Cleanup title references (HO)
)
\c@section@level=\count122
)
LaTeX Info: Redefining \ref on input line 43.
LaTeX Info: Redefining \pageref on input line 43.
LaTeX Info: Redefining \nameref on input line 43.

(./diplom-dokumentation.out) (./diplom-dokumentation.out)
\@outlinefile=\write3
\openout3 = `diplom-dokumentation.out'.

\c@maskedRefs=\count123

(/usr/local/texlive/2017/texmf-dist/tex/latex/apacite/ngerman.apc
File: ngerman.apc 2013/07/21 v6.03 apacite language file

(/usr/local/texlive/2017/texmf-dist/tex/latex/apacite/german.apc
File: german.apc 2013/07/21 v6.03 apacite language file
LaTeX Info: Redefining \BPBI on input line 142.
LaTeX Info: Redefining \BHBI on input line 143.
))
*geometry* driver: auto-detecting
*geometry* detected driver: pdftex
*geometry* verbose mode - [ preamble ] result:
* driver: pdftex
* paper: a4paper
* layout: <same size as paper>
* layoutoffset:(h,v)=(0.0pt,0.0pt)
* modes: 
* h-part:(L,W,R)=(85.35826pt, 455.24411pt, 56.9055pt)
* v-part:(T,H,B)=(71.13188pt, 702.78308pt, 71.13188pt)
* \paperwidth=597.50787pt
* \paperheight=845.04684pt
* \textwidth=455.24411pt
* \textheight=702.78308pt
* \oddsidemargin=13.08827pt
* \evensidemargin=13.08827pt
* \topmargin=-38.1381pt
* \headheight=12.0pt
* \headsep=25.0pt
* \topskip=12.0pt
* \footskip=30.0pt
* \marginparwidth=35.0pt
* \marginparsep=10.0pt
* \columnsep=10.0pt
* \skip\footins=10.8pt plus 4.0pt minus 2.0pt
* \hoffset=0.0pt
* \voffset=0.0pt
* \mag=1000
* \@twocolumnfalse
* \@twosidefalse
* \@mparswitchfalse
* \@reversemarginfalse
* (1in=72.27pt=25.4mm, 1cm=28.453pt)

Package scrlayer Info: Setting magic \footheight to \baselineskip while
(scrlayer)             \begin{document} on input line 43.

Package scrlayer-scrpage Warning: Very small head height detected!
(scrlayer-scrpage)                Using scrlayer-scrpage the head height
(scrlayer-scrpage)                should be at least \baselineskip, which is
(scrlayer-scrpage)                14.5pt currently.
(scrlayer-scrpage)                But head height is currently 12.0pt only.
(scrlayer-scrpage)                You may use
(scrlayer-scrpage)                geometry option `head=14.5pt'
(scrlayer-scrpage)                to avoid this warning.

Package babel Info: Redefining ngerman shorthand "|
(babel)             in language  on input line 72.
Package babel Info: Redefining ngerman shorthand "~
(babel)             in language  on input line 72.
Package babel Info: Redefining ngerman shorthand "|
(babel)             in language  on input line 72.
Package babel Info: Redefining ngerman shorthand "~
(babel)             in language  on input line 72.
[1

{/usr/local/texlive/2017/texmf-var/fonts/map/pdftex/updmap/pdftex.map}]
Package babel Info: Redefining ngerman shorthand "|
(babel)             in language  on input line 79.
Package babel Info: Redefining ngerman shorthand "~
(babel)             in language  on input line 79.
LaTeX Font Info:    External font `cmex10' loaded for size
(Font)              <12> on input line 92.
LaTeX Font Info:    External font `cmex10' loaded for size
(Font)              <8> on input line 92.
LaTeX Font Info:    External font `cmex10' loaded for size
(Font)              <6> on input line 92.


Package scrlayer-scrpage Warning: \headheight to low.
(scrlayer-scrpage)                At least 14.49998pt needed,
(scrlayer-scrpage)                but only 12.0pt found.
(scrlayer-scrpage)                I'll enlarge \headheight, for further
(scrlayer-scrpage)                processing, but you should do this yourself,
(scrlayer-scrpage)                e.g., setting geometry's option
(scrlayer-scrpage)                `head=14.49998pt'.
(scrlayer-scrpage)                I'll also decrease \topmargin on input line 9
2.


Overfull \vbox (2.49998pt too high) has occurred while \output is active []

Package babel Info: Redefining ngerman shorthand "|
(babel)             in language  on input line 92.
Package babel Info: Redefining ngerman shorthand "~
(babel)             in language  on input line 92.
Package babel Info: Redefining ngerman shorthand "|
(babel)             in language  on input line 92.
Package babel Info: Redefining ngerman shorthand "~
(babel)             in language  on input line 92.
pdfTeX warning (ext4): destination with the same identifier (name{page.1}) has 
been already used, duplicate ignored
<to be read again> 
                   \relax 
l.92 \newpage
              [1] (./diplom-dokumentation.toc)
\tf@toc=\write4
\openout4 = `diplom-dokumentation.toc'.

Package babel Info: Redefining ngerman shorthand "|
(babel)             in language  on input line 97.
Package babel Info: Redefining ngerman shorthand "~
(babel)             in language  on input line 97.
Package babel Info: Redefining ngerman shorthand "|
(babel)             in language  on input line 97.
Package babel Info: Redefining ngerman shorthand "~
(babel)             in language  on input line 97.
 [2]
Package babel Info: Redefining ngerman shorthand "|
(babel)             in language  on input line 101.
Package babel Info: Redefining ngerman shorthand "~
(babel)             in language  on input line 101.


Package scrlayer-scrpage Warning: \headheight to low.
(scrlayer-scrpage)                At least 17.39993pt needed,
(scrlayer-scrpage)                but only 14.49998pt found.
(scrlayer-scrpage)                I'll enlarge \headheight, for further
(scrlayer-scrpage)                processing, but you should do this yourself,
(scrlayer-scrpage)                e.g., setting geometry's option
(scrlayer-scrpage)                `head=17.39993pt'.
(scrlayer-scrpage)                I'll also decrease \topmargin on input line 1
11.


Overfull \vbox (2.89995pt too high) has occurred while \output is active []



Package scrlayer-scrpage Warning: \footheight to low.
(scrlayer-scrpage)                At least 17.39993pt needed,
(scrlayer-scrpage)                but only 14.5pt found.
(scrlayer-scrpage)                I'll enlarge \footheight, for further
(scrlayer-scrpage)                processing, but you should do this yourself,
(scrlayer-scrpage)                e.g., using
(scrlayer-scrpage)                  \setlength{\footheight}{17.39993pt}
(scrlayer-scrpage)                in your preamble.
(scrlayer-scrpage)                I'll also increase \footskip on input line 11
1.

Package babel Info: Redefining ngerman shorthand "|
(babel)             in language  on input line 111.
Package babel Info: Redefining ngerman shorthand "~
(babel)             in language  on input line 111.
Package babel Info: Redefining ngerman shorthand "|
(babel)             in language  on input line 111.
Package babel Info: Redefining ngerman shorthand "~
(babel)             in language  on input line 111.
[3]
Package babel Info: Redefining ngerman shorthand "|
(babel)             in language  on input line 114.
Package babel Info: Redefining ngerman shorthand "~
(babel)             in language  on input line 114.
Package babel Info: Redefining ngerman shorthand "|
(babel)             in language  on input line 124.
Package babel Info: Redefining ngerman shorthand "~
(babel)             in language  on input line 124.
Package babel Info: Redefining ngerman shorthand "|
(babel)             in language  on input line 124.
Package babel Info: Redefining ngerman shorthand "~
(babel)             in language  on input line 124.
 [4]
Package babel Info: Redefining ngerman shorthand "|
(babel)             in language  on input line 126.
Package babel Info: Redefining ngerman shorthand "~
(babel)             in language  on input line 126.

Overfull \hbox (156.3676pt too wide) in paragraph at lines 128--129
\OT1/cmr/m/n/12 und be-zeich-net die au-to-ma-ti-sier-te Tex-ter-ken-nung in-ne
r-halb von Bil-dern."(https://de.wikipedia.org/wiki/Texterkennung,
 []

Package babel Info: Redefining ngerman shorthand "|
(babel)             in language  on input line 143.
Package babel Info: Redefining ngerman shorthand "~
(babel)             in language  on input line 143.
Package babel Info: Redefining ngerman shorthand "|
(babel)             in language  on input line 143.
Package babel Info: Redefining ngerman shorthand "~
(babel)             in language  on input line 143.
[5]pdfTeX warning (ext4): destination with the same identifier (name{section.1}
) has been already used, duplicate ignored
<to be read again> 
                   \relax 
l.147 \section{Einleitung}
                          
Package babel Info: Redefining ngerman shorthand "|
(babel)             in language  on input line 147.
Package babel Info: Redefining ngerman shorthand "~
(babel)             in language  on input line 147.
Package babel Info: Redefining ngerman shorthand "|
(babel)             in language  on input line 158.
Package babel Info: Redefining ngerman shorthand "~
(babel)             in language  on input line 158.
Package babel Info: Redefining ngerman shorthand "|
(babel)             in language  on input line 158.
Package babel Info: Redefining ngerman shorthand "~
(babel)             in language  on input line 158.
 [6]pdfTeX warning (ext4): destination with the same identifier (name{section.2
}) has been already used, duplicate ignored
<to be read again> 
                   \relax 
l.160 \section{Theoretischer Teil}
                                  
Package babel Info: Redefining ngerman shorthand "|
(babel)             in language  on input line 160.
Package babel Info: Redefining ngerman shorthand "~
(babel)             in language  on input line 160.
Package babel Info: Redefining ngerman shorthand "|
(babel)             in language  on input line 168.
Package babel Info: Redefining ngerman shorthand "~
(babel)             in language  on input line 168.
Package babel Info: Redefining ngerman shorthand "|
(babel)             in language  on input line 168.
Package babel Info: Redefining ngerman shorthand "~
(babel)             in language  on input line 168.
 [7]pdfTeX warning (ext4): destination with the same identifier (name{section.3
}) has been already used, duplicate ignored
<to be read again> 
                   \relax 
l.169 \section{Methodische Vorgehensweise}
                                          
Package babel Info: Redefining ngerman shorthand "|
(babel)             in language  on input line 169.
Package babel Info: Redefining ngerman shorthand "~
(babel)             in language  on input line 169.
Package babel Info: Redefining ngerman shorthand "|
(babel)             in language  on input line 172.
Package babel Info: Redefining ngerman shorthand "~
(babel)             in language  on input line 172.
Package babel Info: Redefining ngerman shorthand "|
(babel)             in language  on input line 175.
Package babel Info: Redefining ngerman shorthand "~
(babel)             in language  on input line 175.
Package babel Info: Redefining ngerman shorthand "|
(babel)             in language  on input line 187.
Package babel Info: Redefining ngerman shorthand "~
(babel)             in language  on input line 187.
Package babel Info: Redefining ngerman shorthand "|
(babel)             in language  on input line 187.
Package babel Info: Redefining ngerman shorthand "~
(babel)             in language  on input line 187.
 [8]
LaTeX Font Info:    Try loading font information for OMS+cmr on input line 191.


(/usr/local/texlive/2017/texmf-dist/tex/latex/base/omscmr.fd
File: omscmr.fd 2014/09/29 v2.5h Standard LaTeX font definitions
)
LaTeX Font Info:    Font shape `OMS/cmr/m/n' in size <12> not available
(Font)              Font shape `OMS/cmsy/m/n' tried instead on input line 191.

Overfull \hbox (3.0051pt too wide) in paragraph at lines 192--193
[][][][][][][][][][][][][][][][][][][] 
 []


Overfull \hbox (3.0051pt too wide) in paragraph at lines 194--195
[][][][][][][][][][][][][][][][][][][] 
 []


Overfull \hbox (3.0051pt too wide) in paragraph at lines 196--197
[][][][][][][][][][][][][][][][][][][] 
 []


Overfull \hbox (3.0051pt too wide) in paragraph at lines 207--208
[][][][][][][][][][][][][][][][][][][] 
 []


Overfull \hbox (3.0051pt too wide) in paragraph at lines 209--210
[][][][][][][][][][][][][][][][][][][] 
 []


Overfull \hbox (3.0051pt too wide) in paragraph at lines 211--212
[][][][][][][][][][][][][][][][][][][] 
 []

Package babel Info: Redefining ngerman shorthand "|
(babel)             in language  on input line 219.
Package babel Info: Redefining ngerman shorthand "~
(babel)             in language  on input line 219.
Package babel Info: Redefining ngerman shorthand "|
(babel)             in language  on input line 219.
Package babel Info: Redefining ngerman shorthand "~
(babel)             in language  on input line 219.
[9] <bilder/openproject-backlog.png, id=205, 1439.3775pt x 841.64438pt>
File: bilder/openproject-backlog.png Graphic file (type png)

<use bilder/openproject-backlog.png>
Package pdftex.def Info: bilder/openproject-backlog.png used on input line 222.

(pdftex.def)             Requested size: 409.71692pt x 239.57576pt.
pdfTeX warning (ext4): destination with the same identifier (name{section.4}) h
as been already used, duplicate ignored
<to be read again> 
                   \relax 
l.229 \section{Praktischer Teil}
                                
Package babel Info: Redefining ngerman shorthand "|
(babel)             in language  on input line 229.
Package babel Info: Redefining ngerman shorthand "~
(babel)             in language  on input line 229.
Package babel Info: Redefining ngerman shorthand "|
(babel)             in language  on input line 231.
Package babel Info: Redefining ngerman shorthand "~
(babel)             in language  on input line 231.
Package babel Info: Redefining ngerman shorthand "|
(babel)             in language  on input line 236.
Package babel Info: Redefining ngerman shorthand "~
(babel)             in language  on input line 236.
Package babel Info: Redefining ngerman shorthand "|
(babel)             in language  on input line 239.
Package babel Info: Redefining ngerman shorthand "~
(babel)             in language  on input line 239.
Package babel Info: Redefining ngerman shorthand "|
(babel)             in language  on input line 239.
Package babel Info: Redefining ngerman shorthand "~
(babel)             in language  on input line 239.
 [10 <./bilder/openproject-backlog.png>]
Package babel Info: Redefining ngerman shorthand "|
(babel)             in language  on input line 242.
Package babel Info: Redefining ngerman shorthand "~
(babel)             in language  on input line 242.
Package babel Info: Redefining ngerman shorthand "|
(babel)             in language  on input line 247.
Package babel Info: Redefining ngerman shorthand "~
(babel)             in language  on input line 247.
Package babel Info: Redefining ngerman shorthand "|
(babel)             in language  on input line 251.
Package babel Info: Redefining ngerman shorthand "~
(babel)             in language  on input line 251.

Overfull \hbox (35.89403pt too wide) in paragraph at lines 253--254
\OT1/cmr/m/n/12 ble in Objective-C and Swift, and it?s de-si-gned for iOS and A
ndroid."(https://rollout.io/blog/ios-
 []

Package babel Info: Redefining ngerman shorthand "|
(babel)             in language  on input line 255.
Package babel Info: Redefining ngerman shorthand "~
(babel)             in language  on input line 255.
Package babel Info: Redefining ngerman shorthand "|
(babel)             in language  on input line 255.
Package babel Info: Redefining ngerman shorthand "~
(babel)             in language  on input line 255.
[11]
Package babel Info: Redefining ngerman shorthand "|
(babel)             in language  on input line 257.
Package babel Info: Redefining ngerman shorthand "~
(babel)             in language  on input line 257.
 <bilder/datenbank-schema.png, id=217, 536.0025pt x 203.76125pt>
File: bilder/datenbank-schema.png Graphic file (type png)

<use bilder/datenbank-schema.png>
Package pdftex.def Info: bilder/datenbank-schema.png used on input line 263.
(pdftex.def)             Requested size: 409.71692pt x 155.75247pt.
Package babel Info: Redefining ngerman shorthand "|
(babel)             in language  on input line 273.
Package babel Info: Redefining ngerman shorthand "~
(babel)             in language  on input line 273.
Package babel Info: Redefining ngerman shorthand "|
(babel)             in language  on input line 273.
Package babel Info: Redefining ngerman shorthand "~
(babel)             in language  on input line 273.
 [12 <./bilder/datenbank-schema.png>]
Package babel Info: Redefining ngerman shorthand "|
(babel)             in language  on input line 278.
Package babel Info: Redefining ngerman shorthand "~
(babel)             in language  on input line 278.
Package babel Info: Redefining ngerman shorthand "|
(babel)             in language  on input line 279.
Package babel Info: Redefining ngerman shorthand "~
(babel)             in language  on input line 279.

Overfull \hbox (3.15393pt too wide) in paragraph at lines 282--283
[]\OT1/cmr/m/n/12 Um nun fort-zu-fah-ren, wird []uber den Ter-mi-nal die Pod-Da
tei mit dem vi-Befehl ge[]offnet.
 []

<bilder/realm-in-cocoapods-file.png, id=225, 699.61375pt x 161.60374pt>
File: bilder/realm-in-cocoapods-file.png Graphic file (type png)

<use bilder/realm-in-cocoapods-file.png>
Package pdftex.def Info: bilder/realm-in-cocoapods-file.png used on input line 
286.
(pdftex.def)             Requested size: 455.24411pt x 105.15955pt.

<bilder/realm-install-with-cocoapods.png, id=226, 695.09688pt x 217.81375pt>
File: bilder/realm-install-with-cocoapods.png Graphic file (type png)

<use bilder/realm-install-with-cocoapods.png>
Package pdftex.def Info: bilder/realm-install-with-cocoapods.png used on input 
line 295.
(pdftex.def)             Requested size: 455.24411pt x 142.65408pt.
Package babel Info: Redefining ngerman shorthand "|
(babel)             in language  on input line 302.
Package babel Info: Redefining ngerman shorthand "~
(babel)             in language  on input line 302.
Package babel Info: Redefining ngerman shorthand "|
(babel)             in language  on input line 302.
Package babel Info: Redefining ngerman shorthand "~
(babel)             in language  on input line 302.
 [13]
Package babel Info: Redefining ngerman shorthand "|
(babel)             in language  on input line 302.
Package babel Info: Redefining ngerman shorthand "~
(babel)             in language  on input line 302.
LaTeX Font Info:    Try loading font information for OML+cmr on input line 319.


(/usr/local/texlive/2017/texmf-dist/tex/latex/base/omlcmr.fd
File: omlcmr.fd 2014/09/29 v2.5h Standard LaTeX font definitions
)
LaTeX Font Info:    Font shape `OML/cmr/m/n' in size <12> not available
(Font)              Font shape `OML/cmm/m/it' tried instead on input line 319.
Package babel Info: Redefining ngerman shorthand "|
(babel)             in language  on input line 324.
Package babel Info: Redefining ngerman shorthand "~
(babel)             in language  on input line 324.
Package babel Info: Redefining ngerman shorthand "|
(babel)             in language  on input line 324.
Package babel Info: Redefining ngerman shorthand "~
(babel)             in language  on input line 324.
 [14 <./bilder/realm-in-cocoapods-file.png> <./bilder/realm-install-with-cocoap
ods.png>]
Package babel Info: Redefining ngerman shorthand "|
(babel)             in language  on input line 355.
Package babel Info: Redefining ngerman shorthand "~
(babel)             in language  on input line 355.
Package babel Info: Redefining ngerman shorthand "|
(babel)             in language  on input line 355.
Package babel Info: Redefining ngerman shorthand "~
(babel)             in language  on input line 355.
 [15]
<bilder/realm-studio.png, id=286, 1231.60126pt x 256.96pt>
File: bilder/realm-studio.png Graphic file (type png)

<use bilder/realm-studio.png>
Package pdftex.def Info: bilder/realm-studio.png used on input line 376.
(pdftex.def)             Requested size: 455.24411pt x 94.9796pt.
Package babel Info: Redefining ngerman shorthand "|
(babel)             in language  on input line 389.
Package babel Info: Redefining ngerman shorthand "~
(babel)             in language  on input line 389.
Package babel Info: Redefining ngerman shorthand "|
(babel)             in language  on input line 389.
Package babel Info: Redefining ngerman shorthand "~
(babel)             in language  on input line 389.
 [16 <./bilder/realm-studio.png>]
<bilder/realm-Fehlermeldung.png, id=314, 848.16875pt x 115.93312pt>
File: bilder/realm-Fehlermeldung.png Graphic file (type png)

<use bilder/realm-Fehlermeldung.png>
Package pdftex.def Info: bilder/realm-Fehlermeldung.png used on input line 396.

(pdftex.def)             Requested size: 455.24411pt x 62.22615pt.
Package babel Info: Redefining ngerman shorthand "|
(babel)             in language  on input line 409.
Package babel Info: Redefining ngerman shorthand "~
(babel)             in language  on input line 409.

<bilder/SimulatorScreenShot3.png, id=315, 1114.1625pt x 1981.4025pt>
File: bilder/SimulatorScreenShot3.png Graphic file (type png)

<use bilder/SimulatorScreenShot3.png>
Package pdftex.def Info: bilder/SimulatorScreenShot3.png used on input line 413
.
(pdftex.def)             Requested size: 91.04742pt x 161.90161pt.

<bilder/SimulatorScreenShot4.png, id=316, 1114.1625pt x 1981.4025pt>
File: bilder/SimulatorScreenShot4.png Graphic file (type png)

<use bilder/SimulatorScreenShot4.png>
Package pdftex.def Info: bilder/SimulatorScreenShot4.png used on input line 414
.
(pdftex.def)             Requested size: 91.04742pt x 161.90161pt.

<bilder/SimulatorScreenShot1.png, id=317, 1114.1625pt x 1981.4025pt>
File: bilder/SimulatorScreenShot1.png Graphic file (type png)

<use bilder/SimulatorScreenShot1.png>
Package pdftex.def Info: bilder/SimulatorScreenShot1.png used on input line 415
.
(pdftex.def)             Requested size: 91.04742pt x 161.90161pt.

<bilder/SimulatorScreenShot2.png, id=318, 1114.1625pt x 1981.4025pt>
File: bilder/SimulatorScreenShot2.png Graphic file (type png)

<use bilder/SimulatorScreenShot2.png>
Package pdftex.def Info: bilder/SimulatorScreenShot2.png used on input line 416
.
(pdftex.def)             Requested size: 91.04742pt x 161.90161pt.
Package babel Info: Redefining ngerman shorthand "|
(babel)             in language  on input line 422.
Package babel Info: Redefining ngerman shorthand "~
(babel)             in language  on input line 422.
Package babel Info: Redefining ngerman shorthand "|
(babel)             in language  on input line 422.
Package babel Info: Redefining ngerman shorthand "~
(babel)             in language  on input line 422.
 [17 <./bilder/realm-Fehlermeldung.png> <./bilder/SimulatorScreenShot3.png> <./
bilder/SimulatorScreenShot4.png> <./bilder/SimulatorScreenShot1.png> <./bilder/
SimulatorScreenShot2.png>]
<bilder/Kassenzettel_Allgemein_120x120.png, id=337, 120.45pt x 120.45pt>
File: bilder/Kassenzettel_Allgemein_120x120.png Graphic file (type png)

<use bilder/Kassenzettel_Allgemein_120x120.png>
Package pdftex.def Info: bilder/Kassenzettel_Allgemein_120x120.png used on inpu
t line 433.
(pdftex.def)             Requested size: 91.04742pt x 91.05037pt.
Package babel Info: Redefining ngerman shorthand "|
(babel)             in language  on input line 439.
Package babel Info: Redefining ngerman shorthand "~
(babel)             in language  on input line 439.
Package babel Info: Redefining ngerman shorthand "|
(babel)             in language  on input line 439.
Package babel Info: Redefining ngerman shorthand "~
(babel)             in language  on input line 439.
 [18 <./bilder/Kassenzettel_Allgemein_120x120.png>]
Package babel Info: Redefining ngerman shorthand "|
(babel)             in language  on input line 440.
Package babel Info: Redefining ngerman shorthand "~
(babel)             in language  on input line 440.
Package babel Info: Redefining ngerman shorthand "|
(babel)             in language  on input line 441.
Package babel Info: Redefining ngerman shorthand "~
(babel)             in language  on input line 441.

Overfull \hbox (14.05612pt too wide) in paragraph at lines 450--451
\OT1/cmtt/m/n/12 developer [] .apple [] .com / library / archive / documentatio
n / DataManagement / Conceptual /
 []


Overfull \hbox (37.02713pt too wide) in paragraph at lines 450--451
\OT1/cmtt/m/n/12 CloudKitQuickStart / Introduction / Introduction [] .html# // 
apple [] []ref / doc / uid / TP40014987 []
 []

<bilder/icloud-einbindung.png, id=346, 1445.4pt x 903.375pt>
File: bilder/icloud-einbindung.png Graphic file (type png)

<use bilder/icloud-einbindung.png>
Package pdftex.def Info: bilder/icloud-einbindung.png used on input line 456.
(pdftex.def)             Requested size: 455.24411pt x 284.52328pt.
Package babel Info: Redefining ngerman shorthand "|
(babel)             in language  on input line 462.
Package babel Info: Redefining ngerman shorthand "~
(babel)             in language  on input line 462.
Package babel Info: Redefining ngerman shorthand "|
(babel)             in language  on input line 462.
Package babel Info: Redefining ngerman shorthand "~
(babel)             in language  on input line 462.
 [19]
<bilder/cloudkit-dashboard.png, id=355, 806.51312pt x 338.26375pt>
File: bilder/cloudkit-dashboard.png Graphic file (type png)

<use bilder/cloudkit-dashboard.png>
Package pdftex.def Info: bilder/cloudkit-dashboard.png used on input line 465.
(pdftex.def)             Requested size: 318.66948pt x 133.65659pt.
Package babel Info: Redefining ngerman shorthand "|
(babel)             in language  on input line 471.
Package babel Info: Redefining ngerman shorthand "~
(babel)             in language  on input line 471.
Package babel Info: Redefining ngerman shorthand "|
(babel)             in language  on input line 471.
Package babel Info: Redefining ngerman shorthand "~
(babel)             in language  on input line 471.
 [20 <./bilder/icloud-einbindung.png> <./bilder/cloudkit-dashboard.png>]
<bilder/cloudkit-dashboard2.png, id=364, 1434.35875pt x 609.77812pt>
File: bilder/cloudkit-dashboard2.png Graphic file (type png)

<use bilder/cloudkit-dashboard2.png>
Package pdftex.def Info: bilder/cloudkit-dashboard2.png used on input line 474.

(pdftex.def)             Requested size: 364.19667pt x 154.8261pt.
Package babel Info: Redefining ngerman shorthand "|
(babel)             in language  on input line 483.
Package babel Info: Redefining ngerman shorthand "~
(babel)             in language  on input line 483.

Overfull \hbox (2.23172pt too wide) in paragraph at lines 485--486
\OT1/cmr/m/n/12 In der Da-ten-bank in die-sem Con-tai-ner der App kann nun, wie
 bei ei-ner MySQL-Datenbank,
 []

Package babel Info: Redefining ngerman shorthand "|
(babel)             in language  on input line 490.
Package babel Info: Redefining ngerman shorthand "~
(babel)             in language  on input line 490.
Package babel Info: Redefining ngerman shorthand "|
(babel)             in language  on input line 490.
Package babel Info: Redefining ngerman shorthand "~
(babel)             in language  on input line 490.
[21 <./bilder/cloudkit-dashboard2.png>]
Package babel Info: Redefining ngerman shorthand "|
(babel)             in language  on input line 523.
Package babel Info: Redefining ngerman shorthand "~
(babel)             in language  on input line 523.
Package babel Info: Redefining ngerman shorthand "|
(babel)             in language  on input line 523.
Package babel Info: Redefining ngerman shorthand "~
(babel)             in language  on input line 523.
 [22]
<bilder/cloudkit-dashboard3.png, id=405, 1437.87187pt x 613.79312pt>
File: bilder/cloudkit-dashboard3.png Graphic file (type png)

<use bilder/cloudkit-dashboard3.png>
Package pdftex.def Info: bilder/cloudkit-dashboard3.png used on input line 553.

(pdftex.def)             Requested size: 455.24411pt x 194.32925pt.
Package babel Info: Redefining ngerman shorthand "|
(babel)             in language  on input line 563.
Package babel Info: Redefining ngerman shorthand "~
(babel)             in language  on input line 563.
Package babel Info: Redefining ngerman shorthand "|
(babel)             in language  on input line 563.
Package babel Info: Redefining ngerman shorthand "~
(babel)             in language  on input line 563.
 [23]
Package babel Info: Redefining ngerman shorthand "|
(babel)             in language  on input line 565.
Package babel Info: Redefining ngerman shorthand "~
(babel)             in language  on input line 565.
Package babel Info: Redefining ngerman shorthand "|
(babel)             in language  on input line 565.
Package babel Info: Redefining ngerman shorthand "~
(babel)             in language  on input line 565.
 [24 <./bilder/cloudkit-dashboard3.png>]
Package babel Info: Redefining ngerman shorthand "|
(babel)             in language  on input line 566.
Package babel Info: Redefining ngerman shorthand "~
(babel)             in language  on input line 566.
Package babel Info: Redefining ngerman shorthand "|
(babel)             in language  on input line 581.
Package babel Info: Redefining ngerman shorthand "~
(babel)             in language  on input line 581.
Package babel Info: Redefining ngerman shorthand "|
(babel)             in language  on input line 581.
Package babel Info: Redefining ngerman shorthand "~
(babel)             in language  on input line 581.
 [25]
Package babel Info: Redefining ngerman shorthand "|
(babel)             in language  on input line 582.
Package babel Info: Redefining ngerman shorthand "~
(babel)             in language  on input line 582.
Package babel Info: Redefining ngerman shorthand "|
(babel)             in language  on input line 584.
Package babel Info: Redefining ngerman shorthand "~
(babel)             in language  on input line 584.

Overfull \hbox (11.06921pt too wide) in paragraph at lines 589--591
[]\OT1/cmr/m/n/12 Theoretischer Teil - In-ter-net-be-richt: []$\OT1/cmtt/m/n/12
 https :// www [] .derbund [] .ch / wirtschaft / standard /
 []


Overfull \hbox (1.00922pt too wide) in paragraph at lines 604--606
[]\OT1/cmr/m/n/12 Evaluierung des Datenbank-Frameworks: []$\OT1/cmtt/m/n/12 htt
ps :// rollout [] .io / blog / ios [] -databases []
 []


Overfull \hbox (12.00626pt too wide) in paragraph at lines 610--613
[]\OT1/cmr/m/n/12 iCoud In-stal-la-ti-on: []$\OT1/cmtt/m/n/12 https :// stackov
erflow [] .com / questions / 46896595 / xcode [] -9 [] -push []
 []


Overfull \hbox (47.54222pt too wide) in paragraph at lines 610--613
\OT1/cmtt/m/n/12 -notification [] -capability [] -missing [] ?rq = 1$[] []$http
s :// icloud [] .developer [] .apple [] .com / dashboard$[] 
 []


Overfull \hbox (30.76288pt too wide) in paragraph at lines 614--616
[]\OT1/cmr/m/n/12 iCloud Pro-gram-mie-rung: []$\OT1/cmtt/m/n/12 https :// www [
] .appcoda [] .com / cloudkit [] -introduction [] -tutorial /$[] 
 []

Package babel Info: Redefining ngerman shorthand "|
(babel)             in language  on input line 617.
Package babel Info: Redefining ngerman shorthand "~
(babel)             in language  on input line 617.
Package atveryend Info: Empty hook `BeforeClearDocument' on input line 644.
Package babel Info: Redefining ngerman shorthand "|
(babel)             in language  on input line 644.
Package babel Info: Redefining ngerman shorthand "~
(babel)             in language  on input line 644.
Package babel Info: Redefining ngerman shorthand "|
(babel)             in language  on input line 644.
Package babel Info: Redefining ngerman shorthand "~
(babel)             in language  on input line 644.
[26]
Package atveryend Info: Empty hook `AfterLastShipout' on input line 644.
 (./diplom-dokumentation.aux)
Package atveryend Info: Executing hook `AtVeryEndDocument' on input line 644.
Package atveryend Info: Executing hook `AtEndAfterFileList' on input line 644.
Package rerunfilecheck Info: File `diplom-dokumentation.out' has not changed.
(rerunfilecheck)             Checksum: 8601EB6AF4BF25F1525A764D887A5EAB;1693.
Package atveryend Info: Empty hook `AtVeryVeryEnd' on input line 644.
 ) 
Here is how much of TeX's memory you used:
 10861 strings out of 492995
 189980 string characters out of 6132704
 335734 words of memory out of 5000000
 14082 multiletter control sequences out of 15000+600000
 10317 words of font info for 36 fonts, out of 8000000 for 9000
 1141 hyphenation exceptions out of 8191
 48i,20n,75p,1217b,1827s stack positions out of 5000i,500n,10000p,200000b,80000s
</usr/local/texlive/2017/texmf-dist/fonts/type1/public/amsfonts/cm/cmbx12.pfb
></usr/local/texlive/2017/texmf-dist/fonts/type1/public/amsfonts/cm/cmcsc10.pfb
></usr/local/texlive/2017/texmf-dist/fonts/type1/public/amsfonts/cm/cmmi12.pfb>
</usr/local/texlive/2017/texmf-dist/fonts/type1/public/amsfonts/cm/cmr10.pfb></
usr/local/texlive/2017/texmf-dist/fonts/type1/public/amsfonts/cm/cmr12.pfb></us
r/local/texlive/2017/texmf-dist/fonts/type1/public/amsfonts/cm/cmsl12.pfb></usr
/local/texlive/2017/texmf-dist/fonts/type1/public/amsfonts/cm/cmsy10.pfb></usr/
local/texlive/2017/texmf-dist/fonts/type1/public/amsfonts/cm/cmsy6.pfb></usr/lo
cal/texlive/2017/texmf-dist/fonts/type1/public/amsfonts/cm/cmti12.pfb></usr/loc
al/texlive/2017/texmf-dist/fonts/type1/public/amsfonts/cm/cmtt12.pfb>
Output written on diplom-dokumentation.pdf (27 pages, 3003496 bytes).
PDF statistics:
 543 PDF objects out of 1000 (max. 8388607)
 469 compressed objects within 5 object streams
 205 named destinations out of 1000 (max. 500000)
 292 words of extra memory for PDF output out of 10000 (max. 10000000)

